[2025-09-08T19:39:07.066Z] ERROR: Error al inicializar el servidor: {"name":"SequelizeConnectionRefusedError","parent":{"code":"ECONNREFUSED","fatal":true},"original":{"code":"ECONNREFUSED","fatal":true}}
[2025-09-08T19:42:01.088Z] INFO: Conexión a la base de datos establecida correctamente 
[2025-09-08T19:42:01.817Z] INFO: Modelos sincronizados con la base de datos 
[2025-09-08T19:42:01.822Z] INFO: Servidor GymBro ejecutándose en puerto 3000 
[2025-09-08T19:42:01.823Z] INFO: Ambiente: development 
[2025-09-08T19:42:47.027Z] INFO: Conexión a la base de datos establecida correctamente 
[2025-09-08T19:42:49.359Z] INFO: Modelos sincronizados con la base de datos 
[2025-09-08T19:42:49.363Z] INFO: Servidor GymBro ejecutándose en puerto 3000 
[2025-09-08T19:42:49.364Z] INFO: Ambiente: development 
[2025-09-08T19:51:21.175Z] INFO: Conexión a la base de datos establecida correctamente 
[2025-09-08T19:51:23.376Z] INFO: Modelos sincronizados con la base de datos 
[2025-09-08T19:51:23.380Z] INFO: Servidor GymBro ejecutándose en puerto 3000 
[2025-09-08T19:51:23.381Z] INFO: Ambiente: development 
[2025-09-08T19:53:04.182Z] INFO: Conexión a la base de datos establecida correctamente 
[2025-09-08T19:53:04.292Z] ERROR: Error al inicializar el servidor: {"name":"SequelizeDatabaseError","parent":{"code":"ER_CANT_DROP_FIELD_OR_KEY","errno":1091,"sqlState":"42000","sqlMessage":"Can't DROP FOREIGN KEY `usuarios_ibfk_1`; check that it exists","sql":"ALTER TABLE `usuarios` DROP FOREIGN KEY `usuarios_ibfk_1`;"},"original":{"code":"ER_CANT_DROP_FIELD_OR_KEY","errno":1091,"sqlState":"42000","sqlMessage":"Can't DROP FOREIGN KEY `usuarios_ibfk_1`; check that it exists","sql":"ALTER TABLE `usuarios` DROP FOREIGN KEY `usuarios_ibfk_1`;"},"sql":"ALTER TABLE `usuarios` DROP FOREIGN KEY `usuarios_ibfk_1`;","parameters":{}}
[2025-09-08T19:54:29.072Z] INFO: Conexión a la base de datos establecida correctamente 
[2025-09-08T19:54:31.178Z] INFO: Modelos sincronizados con la base de datos 
[2025-09-08T19:54:31.182Z] INFO: Servidor GymBro ejecutándose en puerto 3000 
[2025-09-08T19:54:31.183Z] INFO: Ambiente: development 
[2025-09-08T20:23:38.342Z] INFO: Conexión a la base de datos establecida correctamente 
[2025-09-08T20:23:40.479Z] INFO: Modelos sincronizados con la base de datos 
[2025-09-08T20:23:40.483Z] INFO: Servidor GymBro ejecutándose en puerto 3000 
[2025-09-08T20:23:40.483Z] INFO: Ambiente: development 
[2025-09-08T20:23:54.207Z] INFO: POST /api/auth/register - ::ffff:127.0.0.1 
[2025-09-08T20:23:54.695Z] ERROR: Error en registro: {"name":"SequelizeForeignKeyConstraintError","parent":{"code":"ER_NO_REFERENCED_ROW_2","errno":1452,"sqlState":"23000","sqlMessage":"Cannot add or update a child row: a foreign key constraint fails (`gymbro_db`.`usuarios`, CONSTRAINT `usuarios_ibfk_1` FOREIGN KEY (`id_rol`) REFERENCES `roles` (`id_rol`) ON DELETE NO ACTION ON UPDATE CASCADE)","sql":"INSERT INTO `usuarios` (`id_usuario`,`email`,`password`,`id_rol`,`activo`,`fecha_alta`,`fecha_actualizacion`) VALUES (DEFAULT,?,?,?,?,?,?);","parameters":["nuevo@cliente.com","$2a$12$/ey6yMRaIS9XxxyrkqZ7eucOTPiy6NTK8PdFs0.eJJF4HwhnsGpWu",2,true,"2025-09-08 20:23:54","2025-09-08 20:23:54"]},"original":{"code":"ER_NO_REFERENCED_ROW_2","errno":1452,"sqlState":"23000","sqlMessage":"Cannot add or update a child row: a foreign key constraint fails (`gymbro_db`.`usuarios`, CONSTRAINT `usuarios_ibfk_1` FOREIGN KEY (`id_rol`) REFERENCES `roles` (`id_rol`) ON DELETE NO ACTION ON UPDATE CASCADE)","sql":"INSERT INTO `usuarios` (`id_usuario`,`email`,`password`,`id_rol`,`activo`,`fecha_alta`,`fecha_actualizacion`) VALUES (DEFAULT,?,?,?,?,?,?);","parameters":["nuevo@cliente.com","$2a$12$/ey6yMRaIS9XxxyrkqZ7eucOTPiy6NTK8PdFs0.eJJF4HwhnsGpWu",2,true,"2025-09-08 20:23:54","2025-09-08 20:23:54"]},"sql":"INSERT INTO `usuarios` (`id_usuario`,`email`,`password`,`id_rol`,`activo`,`fecha_alta`,`fecha_actualizacion`) VALUES (DEFAULT,?,?,?,?,?,?);","parameters":["nuevo@cliente.com","$2a$12$/ey6yMRaIS9XxxyrkqZ7eucOTPiy6NTK8PdFs0.eJJF4HwhnsGpWu",2,true,"2025-09-08 20:23:54","2025-09-08 20:23:54"],"table":"roles","fields":["id_rol"],"value":2,"index":"usuarios_ibfk_1","reltype":"child"}
[2025-09-08T20:27:02.065Z] INFO: Conexión a la base de datos establecida correctamente 
[2025-09-08T20:27:04.223Z] INFO: Modelos sincronizados con la base de datos 
[2025-09-08T20:27:04.226Z] INFO: Servidor GymBro ejecutándose en puerto 3000 
[2025-09-08T20:27:04.227Z] INFO: Ambiente: development 
[2025-09-08T20:27:05.404Z] INFO: POST /api/auth/register - ::ffff:127.0.0.1 
[2025-09-08T20:27:05.906Z] INFO: Nuevo usuario registrado: nuevo@cliente.com 
[2025-09-08T20:32:06.391Z] INFO: POST /api/auth/register - ::ffff:127.0.0.1 
[2025-09-08T20:32:06.853Z] ERROR: Error en registro: {"name":"SequelizeForeignKeyConstraintError","parent":{"code":"ER_NO_REFERENCED_ROW_2","errno":1452,"sqlState":"23000","sqlMessage":"Cannot add or update a child row: a foreign key constraint fails (`gymbro_db`.`entrenadores`, CONSTRAINT `entrenadores_ibfk_1` FOREIGN KEY (`id_especialidad`) REFERENCES `especialidades` (`id_especialidad`) ON DELETE NO ACTION ON UPDATE CASCADE)","sql":"INSERT INTO `entrenadores` (`id_entrenador`,`id_especialidad`,`nom_entrenador`,`ape_entrenador`,`dni_entrenador`,`fecha_nacimiento_entrenador`,`telefono_entrenador`,`fecha_alta_entrenador`,`fecha_actualizacion`) VALUES (DEFAULT,?,?,?,?,?,?,?,?);","parameters":[1,"Carlos","Lopez","87654321","1990-01-10","1199887766","2025-09-08 20:32:06","2025-09-08 20:32:06"]},"original":{"code":"ER_NO_REFERENCED_ROW_2","errno":1452,"sqlState":"23000","sqlMessage":"Cannot add or update a child row: a foreign key constraint fails (`gymbro_db`.`entrenadores`, CONSTRAINT `entrenadores_ibfk_1` FOREIGN KEY (`id_especialidad`) REFERENCES `especialidades` (`id_especialidad`) ON DELETE NO ACTION ON UPDATE CASCADE)","sql":"INSERT INTO `entrenadores` (`id_entrenador`,`id_especialidad`,`nom_entrenador`,`ape_entrenador`,`dni_entrenador`,`fecha_nacimiento_entrenador`,`telefono_entrenador`,`fecha_alta_entrenador`,`fecha_actualizacion`) VALUES (DEFAULT,?,?,?,?,?,?,?,?);","parameters":[1,"Carlos","Lopez","87654321","1990-01-10","1199887766","2025-09-08 20:32:06","2025-09-08 20:32:06"]},"sql":"INSERT INTO `entrenadores` (`id_entrenador`,`id_especialidad`,`nom_entrenador`,`ape_entrenador`,`dni_entrenador`,`fecha_nacimiento_entrenador`,`telefono_entrenador`,`fecha_alta_entrenador`,`fecha_actualizacion`) VALUES (DEFAULT,?,?,?,?,?,?,?,?);","parameters":[1,"Carlos","Lopez","87654321","1990-01-10","1199887766","2025-09-08 20:32:06","2025-09-08 20:32:06"],"table":"especialidades","fields":["id_especialidad"],"value":1,"index":"entrenadores_ibfk_1","reltype":"child"}
[2025-09-08T20:35:39.604Z] INFO: Conexión a la base de datos establecida correctamente 
[2025-09-08T20:35:41.779Z] INFO: Modelos sincronizados con la base de datos 
[2025-09-08T20:35:41.782Z] INFO: Servidor GymBro ejecutándose en puerto 3000 
[2025-09-08T20:35:41.783Z] INFO: Ambiente: development 
[2025-09-08T20:35:45.259Z] INFO: POST /api/auth/register - ::ffff:127.0.0.1 
[2025-09-08T20:35:45.302Z] ERROR: Error en registro: 
[2025-09-08T20:36:25.263Z] INFO: POST /api/auth/register - ::ffff:127.0.0.1 
[2025-09-08T20:36:25.773Z] INFO: Nuevo usuario registrado: entrenador2@correo.com 
[2025-09-08T20:41:29.963Z] INFO: POST /api/auth/login - ::ffff:127.0.0.1 
[2025-09-08T20:41:29.978Z] ERROR: Error en login: 
[2025-09-08T21:08:02.619Z] INFO: Conexión a la base de datos establecida correctamente 
[2025-09-08T21:08:04.747Z] INFO: Modelos sincronizados con la base de datos 
[2025-09-08T21:08:04.750Z] INFO: Servidor GymBro ejecutándose en puerto 3000 
[2025-09-08T21:08:04.751Z] INFO: Ambiente: development 
[2025-09-08T21:08:08.376Z] INFO: POST /api/auth/register - ::ffff:127.0.0.1 
[2025-09-08T21:08:08.909Z] INFO: Nuevo usuario registrado: aa@cliente.com 
[2025-09-08T21:10:23.375Z] INFO: POST /api/auth/login - ::ffff:127.0.0.1 
[2025-09-08T21:10:23.793Z] INFO: Usuario aa@cliente.com inició sesión exitosamente 
[2025-09-08T21:16:42.888Z] INFO: POST /api/auth/forgot-password - ::ffff:127.0.0.1 
[2025-09-08T21:16:49.399Z] INFO: Email enviado: <7c60ef29-b815-a2b1-2c53-01fc86120726@gmail.com> 
[2025-09-08T21:16:49.400Z] INFO: Solicitud de recuperación de contraseña para: aa@cliente.com 
[2025-09-10T19:46:04.363Z] INFO: Conexión a la base de datos establecida correctamente 
[2025-09-10T19:46:05.062Z] INFO: Modelos sincronizados con la base de datos 
[2025-09-10T19:46:05.069Z] INFO: Servidor GymBro ejecutándose en puerto 3000 
[2025-09-10T19:46:05.069Z] INFO: Ambiente: development 
